<?xml version="1.0" encoding="UTF-8"?>
<testsuite xmlns:xsi="http://www.w3.org/2001/XMLSchema-instance" xsi:noNamespaceSchemaLocation="https://maven.apache.org/surefire/maven-surefire-plugin/xsd/surefire-test-report-3.0.xsd" version="3.0" name="hellocucumber.RunCucumberTest" time="0.385" tests="4" errors="0" skipped="0" failures="0">
  <properties>
[...]
</properties>
  <testcase name="Example #1" classname="Examples" time="0.095"/>
  <testcase name="Example #2" classname="Examples" time="0.012"/>
  <testcase name="Example #3" classname="Examples" time="0.009"/>
  <testcase name="Example #4" classname="Examples" time="0.008"/>
</testsuite>